<?xml version="1.0" encoding="UTF-8"?>
<!-- Generated by org.testng.reporters.JUnitXMLReporter -->
<testsuite ignored="0" hostname="DESKTOP-JRJEIR3" failures="0" tests="12" name="Test" time="121.747" errors="0" timestamp="2024-08-30T15:16:58 IST">
  <testcase classname="com.tutorialsninja.qa.testcases.Register" name="verifyRegisterAnAccountWithMandetoryFields" time="1.3"/>
  <testcase classname="com.tutorialsninja.qa.testcases.Register" name="verifyRegisterAnAccountWithAllTheFields" time="1.169"/>
  <testcase classname="com.tutorialsninja.qa.testcases.Register" name="verifyRegisterAnAccountWithExixtingEmailAddress" time="1.04"/>
  <testcase classname="com.tutorialsninja.qa.testcases.Register" name="verifyRegisterAnAccountWithoutFillingAnyDetails" time="0.489"/>
  <testcase classname="com.tutorialsninja.qa.testcases.Login" name="verifyLoginWithValidCredentials" time="2.469"/>
  <testcase classname="com.tutorialsninja.qa.testcases.Login" name="verifyLoginWithInvalidCredentials" time="2.408"/>
  <testcase classname="com.tutorialsninja.qa.testcases.Login" name="verifyLoginWithInvalidEmailANdValidPasswordCredentials" time="2.4"/>
  <testcase classname="com.tutorialsninja.qa.testcases.Login" name="verifyLoginWithValidEmailANdInvalidPasswordCredentials" time="2.418"/>
  <testcase classname="com.tutorialsninja.qa.testcases.Login" name="verifyLoginWithoutProvindingCredentials" time="2.288"/>
  <testcase classname="com.tutorialsninja.qa.testcases.Search" name="verifySearchWithValidProduct" time="0.92"/>
  <testcase classname="com.tutorialsninja.qa.testcases.Search" name="verifySearchWithInvalidProduct" time="0.298"/>
  <testcase classname="com.tutorialsninja.qa.testcases.Search" name="verifySearchWithoutAnyProduct" time="0.327"/>
</testsuite> <!-- Test -->
